This is pdfTeX, Version 3.1415926-2.5-1.40.14 (TeX Live 2013/Debian) (format=pdflatex 2016.3.22)  5 OCT 2016 21:51
entering extended mode
 restricted \write18 enabled.
 %&-line parsing enabled.
**thesis3.tex
(./thesis3.tex
LaTeX2e <2011/06/27>
Babel <3.9h> and hyphenation patterns for 7 languages loaded.
(./einstellungen/grundeinstellungen.tex
(/usr/share/texlive/texmf-dist/tex/latex/koma-script/scrreprt.cls
Document Class: scrreprt 2013/12/19 v3.12 KOMA-Script document class (report)
(/usr/share/texlive/texmf-dist/tex/latex/koma-script/scrkbase.sty
Package: scrkbase 2013/12/19 v3.12 KOMA-Script package (KOMA-Script-dependent b
asics and keyval usage)

(/usr/share/texlive/texmf-dist/tex/latex/koma-script/scrbase.sty
Package: scrbase 2013/12/19 v3.12 KOMA-Script package (KOMA-Script-independent 
basics and keyval usage)

(/usr/share/texlive/texmf-dist/tex/latex/graphics/keyval.sty
Package: keyval 1999/03/16 v1.13 key=value parser (DPC)
\KV@toks@=\toks14
)
(/usr/share/texlive/texmf-dist/tex/latex/koma-script/scrlfile.sty
Package: scrlfile 2013/12/19 v3.12 KOMA-Script package (loading files)

Package scrlfile, 2013/12/19 v3.12 KOMA-Script package (loading files)
                  Copyright (C) Markus Kohm

))) (/usr/share/texlive/texmf-dist/tex/latex/koma-script/tocbasic.sty
Package: tocbasic 2013/12/19 v3.12 KOMA-Script package (handling toc-files)
)
Package tocbasic Info: omitting babel extension for `toc'
(tocbasic)             because of feature `nobabel' available
(tocbasic)             for `toc' on input line 117.
Package tocbasic Info: omitting babel extension for `lof'
(tocbasic)             because of feature `nobabel' available
(tocbasic)             for `lof' on input line 118.
Package tocbasic Info: omitting babel extension for `lot'
(tocbasic)             because of feature `nobabel' available
(tocbasic)             for `lot' on input line 119.
Package tocbasic Info: defining new hook before heading of `' on input line 112
3.
Class scrreprt Info: You've used standard option `oneside'.
(scrreprt)           This is correct!
(scrreprt)           Internally I'm using `twoside=false'.
(scrreprt)           If you'd like to set the option with \KOMAoptions,
(scrreprt)           you'd have to use `twoside=false' there
(scrreprt)           instead of `oneside', too.
Package scrbase Info: Unknown processing state.
(scrbase)             Processing option `twoside=false'
(scrbase)             of member `.scrreprt.cls'
(scrbase)             of family `KOMA'
(scrbase)             doesn't set a valid state.
(scrbase)             This will be interpreted
(scrbase)             as \FamilyKeyStateProcessed on input line 1274.
Package scrreprt Info: You've used standard option `12pt'.
(scrreprt)             This is correct!
(scrreprt)             Internally I'm using `fontsize=12pt'.
(scrreprt)             If you'd like to set the option with \KOMAoptions,
(scrreprt)             you'd have to use `fontsize=12pt' there
(scrreprt)             instead of `12pt', too.


Class scrreprt Warning: You've used obsolete option `halfparskip'.
(scrreprt)              Usage of this option indicates an old document and
(scrreprt)              is deprecated.
(scrreprt)              You should simply replace
(scrreprt)              usage of option `halfparskip' by `parskip=half'.

Class scrreprt Info: Switching compatibility level to `first'.
Class scrreprt Info: You've used standard option `abstracton'.
(scrreprt)           This is correct!
(scrreprt)           Internally I'm using `abstract=true'.
(scrreprt)           If you'd like to set the option with \KOMAoptions,
(scrreprt)           you'd have to use `abstract=true' there
(scrreprt)           instead of `abstracton', too.
Class scrreprt Info: You've used standard option `final'.
(scrreprt)           This is correct!
(scrreprt)           Internally I'm using `draft=false'.
(scrreprt)           If you'd like to set the option with \KOMAoptions,
(scrreprt)           you'd have to use `draft=false' there
(scrreprt)           instead of `final', too.

Class scrreprt Warning: You've used obsolete option `liststotoc'.
(scrreprt)              Usage of this option indicates an old document and
(scrreprt)              is deprecated.
(scrreprt)              You should simply replace
(scrreprt)              usage of option `liststotoc' by `listof=totoc'.

Class scrreprt Info: Switching compatibility level to `first'.

Class scrreprt Warning: You've used obsolete option `idxtotoc'.
(scrreprt)              Usage of this option indicates an old document and
(scrreprt)              is deprecated.
(scrreprt)              You should simply replace
(scrreprt)              usage of option `idxtotoc' by `index=totoc'.

Class scrreprt Info: Switching compatibility level to `first'.

Class scrreprt Warning: You've used obsolete option `bibtotoc'.
(scrreprt)              Usage of this option indicates an old document and
(scrreprt)              is deprecated.
(scrreprt)              You should simply replace
(scrreprt)              usage of option `bibtotoc' by `bibliography=totoc'.

Class scrreprt Info: Switching compatibility level to `first'.
Class scrreprt Info: File `scrsize12pt.clo' used to setup font sizes on input l
ine 1655.
(/usr/share/texlive/texmf-dist/tex/latex/koma-script/scrsize12pt.clo
File: scrsize12pt.clo 2013/12/19 v3.12 KOMA-Script font size class option (12pt
)
)
(/usr/share/texlive/texmf-dist/tex/latex/koma-script/typearea.sty
Package: typearea 2013/12/19 v3.12 KOMA-Script package (type area)

Package typearea, 2013/12/19 v3.12 KOMA-Script package (type area)
                  Copyright (C) Frank Neukam, 1992-1994
                  Copyright (C) Markus Kohm, 1994-

\ta@bcor=\skip41
\ta@div=\count79
Package typearea Info: You've used standard option `a4paper'.
(typearea)             This is correct!
(typearea)             Internally I'm using `paper=a4'.
(typearea)             If you'd like to set the option with \KOMAoptions,
(typearea)             you'd have to use `paper=a4' there
(typearea)             instead of `a4paper', too.
Package typearea Info: You've used standard option `oneside'.
(typearea)             This is correct!
(typearea)             Internally I'm using `twoside=false'.
(typearea)             If you'd like to set the option with \KOMAoptions,
(typearea)             you'd have to use `twoside=false' there
(typearea)             instead of `oneside', too.
\ta@hblk=\skip42
\ta@vblk=\skip43
\ta@temp=\skip44
\footheight=\skip45
Package typearea Info: These are the values describing the layout:
(typearea)             DIV  = 12
(typearea)             BCOR = 14.22636pt
(typearea)             \paperwidth      = 597.50793pt
(typearea)              \textwidth      = 437.46118pt
(typearea)              DIV departure   = -3%
(typearea)              \evensidemargin = 14.86656pt
(typearea)              \oddsidemargin  = 14.86656pt
(typearea)             \paperheight     = 845.04694pt
(typearea)              \textheight     = 606.5pt
(typearea)              \topmargin      = -1.84941pt
(typearea)              \headheight     = 18.125pt
(typearea)              \headsep        = 21.75pt
(typearea)              \topskip        = 12.0pt
(typearea)              \footskip       = 50.75pt
(typearea)              \baselineskip   = 14.5pt
(typearea)              on input line 1330.
)
\c@part=\count80
\c@chapter=\count81
\c@section=\count82
\c@subsection=\count83
\c@subsubsection=\count84
\c@paragraph=\count85
\c@subparagraph=\count86
\abovecaptionskip=\skip46
\belowcaptionskip=\skip47
\c@pti@nb@sid@b@x=\box26
\c@figure=\count87
\c@table=\count88
\bibindent=\dimen102
) (/usr/share/texlive/texmf-dist/tex/generic/babel/babel.sty
Package: babel 2013/12/03 3.9h The Babel package

(/usr/share/texlive/texmf-dist/tex/generic/babel-english/english.ldf
Language: english 2012/08/20 v3.3p English support from the babel system

(/usr/share/texlive/texmf-dist/tex/generic/babel/babel.def
File: babel.def 2013/12/03 3.9h Babel common definitions
\babel@savecnt=\count89
\U@D=\dimen103
)
\l@british = a dialect from \language\l@english 
\l@UKenglish = a dialect from \language\l@english 
\l@canadian = a dialect from \language\l@american 
\l@australian = a dialect from \language\l@british 
\l@newzealand = a dialect from \language\l@british 
)
(/usr/share/texlive/texmf-dist/tex/generic/babel-german/ngermanb.ldf
Language: ngermanb 2013/12/13 v2.7 German support for babel (new orthography)
\l@naustrian = a dialect from \language\l@ngerman 
\l@nswissgerman = a dialect from \language\l@ngerman 
Package babel Info: Making " an active character on input line 88.
))
(/usr/share/texlive/texmf-dist/tex/latex/base/fontenc.sty
Package: fontenc 2005/09/27 v1.99g Standard LaTeX package

(/usr/share/texlive/texmf-dist/tex/latex/base/t1enc.def
File: t1enc.def 2005/09/27 v1.99g Standard LaTeX file
LaTeX Font Info:    Redeclaring font encoding T1 on input line 43.
))
(/usr/share/texlive/texmf-dist/tex/latex/base/inputenc.sty
Package: inputenc 2008/03/30 v1.1d Input encoding file
\inpenc@prehook=\toks15
\inpenc@posthook=\toks16

(/usr/share/texlive/texmf-dist/tex/latex/base/latin1.def
File: latin1.def 2008/03/30 v1.1d Input encoding file
))
(/usr/share/texlive/texmf-dist/tex/latex/psnfss/times.sty
Package: times 2005/04/12 PSNFSS-v9.2a (SPQR) 
)
(/usr/share/texlive/texmf-dist/tex/latex/tools/array.sty
Package: array 2008/09/09 v2.4c Tabular extension package (FMi)
\col@sep=\dimen104
\extrarowheight=\dimen105
\NC@list=\toks17
\extratabsurround=\skip48
\backup@length=\skip49
)
(/usr/share/texlive/texmf-dist/tex/latex/ms/ragged2e.sty
Package: ragged2e 2009/05/21 v2.1 ragged2e Package (MS)

(/usr/share/texlive/texmf-dist/tex/latex/ms/everysel.sty
Package: everysel 2011/10/28 v1.2 EverySelectfont Package (MS)
)
\CenteringLeftskip=\skip50
\RaggedLeftLeftskip=\skip51
\RaggedRightLeftskip=\skip52
\CenteringRightskip=\skip53
\RaggedLeftRightskip=\skip54
\RaggedRightRightskip=\skip55
\CenteringParfillskip=\skip56
\RaggedLeftParfillskip=\skip57
\RaggedRightParfillskip=\skip58
\JustifyingParfillskip=\skip59
\CenteringParindent=\skip60
\RaggedLeftParindent=\skip61
\RaggedRightParindent=\skip62
\JustifyingParindent=\skip63
)
(/usr/share/texlive/texmf-dist/tex/latex/cmbright/cmbright.sty
Package: cmbright 2005/04/13 v8.1 (WaS)
LaTeX Font Info:    Redeclaring symbol font `operators' on input line 29.
LaTeX Font Info:    Overwriting symbol font `operators' in version `normal'
(Font)                  OT1/cmr/m/n --> OT1/cmbr/m/n on input line 29.
LaTeX Font Info:    Overwriting symbol font `operators' in version `bold'
(Font)                  OT1/cmr/bx/n --> OT1/cmbr/m/n on input line 29.
LaTeX Font Info:    Redeclaring symbol font `letters' on input line 30.
LaTeX Font Info:    Overwriting symbol font `letters' in version `normal'
(Font)                  OML/cmm/m/it --> OML/cmbrm/m/it on input line 30.
LaTeX Font Info:    Overwriting symbol font `letters' in version `bold'
(Font)                  OML/cmm/b/it --> OML/cmbrm/m/it on input line 30.
LaTeX Font Info:    Overwriting symbol font `letters' in version `bold'
(Font)                  OML/cmbrm/m/it --> OML/cmbrm/b/it on input line 31.
LaTeX Font Info:    Redeclaring symbol font `symbols' on input line 32.
LaTeX Font Info:    Overwriting symbol font `symbols' in version `normal'
(Font)                  OMS/cmsy/m/n --> OMS/cmbrs/m/n on input line 32.
LaTeX Font Info:    Overwriting symbol font `symbols' in version `bold'
(Font)                  OMS/cmsy/b/n --> OMS/cmbrs/m/n on input line 32.
LaTeX Font Info:    Redeclaring math alphabet \mathit on input line 33.
LaTeX Font Info:    Overwriting math alphabet `\mathit' in version `normal'
(Font)                  OT1/cmr/m/it --> OT1/cmbr/m/sl on input line 33.
LaTeX Font Info:    Overwriting math alphabet `\mathit' in version `bold'
(Font)                  OT1/cmr/bx/it --> OT1/cmbr/m/sl on input line 33.
LaTeX Font Info:    Redeclaring math alphabet \mathbf on input line 34.
LaTeX Font Info:    Overwriting math alphabet `\mathbf' in version `normal'
(Font)                  OT1/cmr/bx/n --> OT1/cmbr/bx/n on input line 34.
LaTeX Font Info:    Overwriting math alphabet `\mathbf' in version `bold'
(Font)                  OT1/cmr/bx/n --> OT1/cmbr/bx/n on input line 34.
LaTeX Font Info:    Redeclaring math alphabet \mathtt on input line 35.
LaTeX Font Info:    Overwriting math alphabet `\mathtt' in version `normal'
(Font)                  OT1/cmtt/m/n --> OT1/cmtl/m/n on input line 35.
LaTeX Font Info:    Overwriting math alphabet `\mathtt' in version `bold'
(Font)                  OT1/cmtt/m/n --> OT1/cmtl/m/n on input line 35.
LaTeX Font Info:    Redeclaring math symbol \alpha on input line 37.
LaTeX Font Info:    Redeclaring math symbol \beta on input line 38.
LaTeX Font Info:    Redeclaring math symbol \gamma on input line 39.
LaTeX Font Info:    Redeclaring math symbol \delta on input line 40.
LaTeX Font Info:    Redeclaring math symbol \epsilon on input line 41.
LaTeX Font Info:    Redeclaring math symbol \zeta on input line 42.
LaTeX Font Info:    Redeclaring math symbol \eta on input line 43.
LaTeX Font Info:    Redeclaring math symbol \theta on input line 44.
LaTeX Font Info:    Redeclaring math symbol \iota on input line 45.
LaTeX Font Info:    Redeclaring math symbol \kappa on input line 46.
LaTeX Font Info:    Redeclaring math symbol \lambda on input line 47.
LaTeX Font Info:    Redeclaring math symbol \mu on input line 48.
LaTeX Font Info:    Redeclaring math symbol \nu on input line 49.
LaTeX Font Info:    Redeclaring math symbol \xi on input line 50.
LaTeX Font Info:    Redeclaring math symbol \pi on input line 51.
LaTeX Font Info:    Redeclaring math symbol \rho on input line 52.
LaTeX Font Info:    Redeclaring math symbol \sigma on input line 53.
LaTeX Font Info:    Redeclaring math symbol \tau on input line 54.
LaTeX Font Info:    Redeclaring math symbol \upsilon on input line 55.
LaTeX Font Info:    Redeclaring math symbol \phi on input line 56.
LaTeX Font Info:    Redeclaring math symbol \chi on input line 57.
LaTeX Font Info:    Redeclaring math symbol \psi on input line 58.
LaTeX Font Info:    Redeclaring math symbol \omega on input line 59.
LaTeX Font Info:    Redeclaring math symbol \varepsilon on input line 60.
LaTeX Font Info:    Redeclaring math symbol \vartheta on input line 61.
LaTeX Font Info:    Redeclaring math symbol \varpi on input line 62.
LaTeX Font Info:    Redeclaring math symbol \varrho on input line 63.
LaTeX Font Info:    Redeclaring math symbol \varsigma on input line 64.
LaTeX Font Info:    Redeclaring math symbol \varphi on input line 65.
LaTeX Info: Redefining \LaTeX on input line 129.
LaTeX Info: Redefining \LaTeXe on input line 139.
LaTeX Font Info:    Try loading font information for T1+cmbr on input line 144.


(/usr/share/texlive/texmf-dist/tex/latex/cmbright/t1cmbr.fd
File: t1cmbr.fd 2005/04/13 v8.1 (WaS)
))
(/usr/share/texlive/texmf-dist/tex/latex/psnfss/helvet.sty
Package: helvet 2005/04/12 PSNFSS-v9.2a (WaS) 
)
(/usr/share/texlive/texmf-dist/tex/latex/psnfss/courier.sty
Package: courier 2005/04/12 PSNFSS-v9.2a (WaS) 
)
(/usr/share/texlive/texmf-dist/tex/latex/koma-script/scrpage2.sty
Package: scrpage2 2013/12/19 v3.12 KOMA-Script package (page head and foot)
LaTeX Info: Redefining \pagemark on input line 174.
)
(/usr/share/texlive/texmf-dist/tex/latex/tools/xspace.sty
Package: xspace 2009/10/20 v1.13 Space after command names (DPC,MH)
)
(/usr/share/texlive/texmf-dist/tex/latex/setspace/setspace.sty
Package: setspace 2011/12/19 v6.7a set line spacing
)
(/usr/share/texlive/texmf-dist/tex/latex/graphics/graphicx.sty
Package: graphicx 1999/02/16 v1.0f Enhanced LaTeX Graphics (DPC,SPQR)

(/usr/share/texlive/texmf-dist/tex/latex/graphics/graphics.sty
Package: graphics 2009/02/05 v1.0o Standard LaTeX Graphics (DPC,SPQR)

(/usr/share/texlive/texmf-dist/tex/latex/graphics/trig.sty
Package: trig 1999/03/16 v1.09 sin cos tan (DPC)
)
(/usr/share/texlive/texmf-dist/tex/latex/latexconfig/graphics.cfg
File: graphics.cfg 2010/04/23 v1.9 graphics configuration of TeX Live
)
Package graphics Info: Driver file: pdftex.def on input line 91.

(/usr/share/texlive/texmf-dist/tex/latex/pdftex-def/pdftex.def
File: pdftex.def 2011/05/27 v0.06d Graphics/color for pdfTeX

(/usr/share/texlive/texmf-dist/tex/generic/oberdiek/infwarerr.sty
Package: infwarerr 2010/04/08 v1.3 Providing info/warning/error messages (HO)
)
(/usr/share/texlive/texmf-dist/tex/generic/oberdiek/ltxcmds.sty
Package: ltxcmds 2011/11/09 v1.22 LaTeX kernel commands for general use (HO)
)
\Gread@gobject=\count90
))
\Gin@req@height=\dimen106
\Gin@req@width=\dimen107
)
(/usr/share/texlive/texmf-dist/tex/latex/textpos/textpos.sty
Package: textpos 2014/01/03 v1.7j

Package: textpos 2014/01/03 1.7j, absolute positioning of text on the page
(/usr/share/texlive/texmf-dist/tex/latex/ms/everyshi.sty
Package: everyshi 2001/05/15 v3.00 EveryShipout Package (MS)
)
\TP@textbox=\box27
\TP@holdbox=\box28
\TPHorizModule=\dimen108
\TPVertModule=\dimen109
\TP@margin=\dimen110
\TP@absmargin=\dimen111

Grid set 16 x 16 = 37.34424pt x 52.81543pt
\TPboxrulesize=\dimen112
\TP@ox=\dimen113
\TP@oy=\dimen114
\TP@tbargs=\toks18
\TP@prevdepth=\dimen115
TextBlockOrigin set to 0pt x 0pt
) (/usr/share/texlive/texmf-dist/tex/latex/pdfpages/pdfpages.sty
Package: pdfpages 2013/08/25 v0.4v Insert pages of external PDF documents (AM)

(/usr/share/texlive/texmf-dist/tex/latex/base/ifthen.sty
Package: ifthen 2001/05/26 v1.1c Standard LaTeX ifthen package (DPC)
)
(/usr/share/texlive/texmf-dist/tex/latex/tools/calc.sty
Package: calc 2007/08/22 v4.3 Infix arithmetic (KKT,FJ)
\calc@Acount=\count91
\calc@Bcount=\count92
\calc@Adimen=\dimen116
\calc@Bdimen=\dimen117
\calc@Askip=\skip64
\calc@Bskip=\skip65
LaTeX Info: Redefining \setlength on input line 76.
LaTeX Info: Redefining \addtolength on input line 77.
\calc@Ccount=\count93
\calc@Cskip=\skip66
)
(/usr/share/texlive/texmf-dist/tex/latex/eso-pic/eso-pic.sty
Package: eso-pic 2013/10/06 v2.0d eso-pic (RN)

(/usr/share/texlive/texmf-dist/tex/generic/oberdiek/atbegshi.sty
Package: atbegshi 2011/10/05 v1.16 At begin shipout hook (HO)

(/usr/share/texlive/texmf-dist/tex/generic/oberdiek/ifpdf.sty
Package: ifpdf 2011/01/30 v2.3 Provides the ifpdf switch (HO)
Package ifpdf Info: pdfTeX in PDF mode is detected.
))
(/usr/share/texmf/tex/latex/xcolor/xcolor.sty
Package: xcolor 2007/01/21 v2.11 LaTeX color extensions (UK)

(/usr/share/texlive/texmf-dist/tex/latex/latexconfig/color.cfg
File: color.cfg 2007/01/18 v1.5 color configuration of teTeX/TeXLive
)
Package xcolor Info: Driver file: pdftex.def on input line 225.
Package xcolor Info: Model `cmy' substituted by `cmy0' on input line 1337.
Package xcolor Info: Model `hsb' substituted by `rgb' on input line 1341.
Package xcolor Info: Model `RGB' extended on input line 1353.
Package xcolor Info: Model `HTML' substituted by `rgb' on input line 1355.
Package xcolor Info: Model `Hsb' substituted by `hsb' on input line 1356.
Package xcolor Info: Model `tHsb' substituted by `hsb' on input line 1357.
Package xcolor Info: Model `HSB' substituted by `hsb' on input line 1358.
Package xcolor Info: Model `Gray' substituted by `gray' on input line 1359.
Package xcolor Info: Model `wave' substituted by `hsb' on input line 1360.
))
(/usr/share/texlive/texmf-dist/tex/latex/pdfpages/pppdftex.def
File: pppdftex.def 2013/08/25 v0.4v Pdfpages driver for pdfTeX (AM)
)
\AM@pagebox=\box29
\AM@toc@title=\toks19
\c@AM@survey=\count94
\AM@templatesizebox=\box30
)
(/usr/share/texlive/texmf-dist/tex/latex/natbib/natbib.sty
Package: natbib 2010/09/13 8.31b (PWD, AO)
\bibhang=\skip67
\bibsep=\skip68
LaTeX Info: Redefining \cite on input line 694.
\c@NAT@ctr=\count95
)
(/usr/share/texlive/texmf-dist/tex/latex/germbib/bibgerm.sty
Package: bibgerm 2000/08/18 v0.1 Support for mixed language bibliographies

** Macros for german `BibTeX'ing added to Style Option `german' 20 Apr 1993 **
** idea and languages `german' and `USenglish' implemented by M. Wallmeier **
** Modified for LaTeX 2e and german.sty 2.5b by A. Scherer 1 Nov 1995 **
** Modified for ngerman.sty and babel.sty by H. Harders 21 August 2000 **)
(/usr/share/texlive/texmf-dist/tex/latex/tools/tabularx.sty
Package: tabularx 1999/01/07 v2.07 `tabularx' package (DPC)
\TX@col@width=\dimen118
\TX@old@table=\dimen119
\TX@old@col=\dimen120
\TX@target=\dimen121
\TX@delta=\dimen122
\TX@cols=\count96
\TX@ftn=\toks20
)
(/usr/share/texlive/texmf-dist/tex/latex/base/makeidx.sty
Package: makeidx 2000/03/29 v1.0m Standard LaTeX package
)
\@indexfile=\write3
\openout3 = `thesis3.idx'.


Writing index file thesis3.idx
(/usr/share/texlive/texmf-dist/tex/latex/nomencl/nomencl.sty
Package: nomencl 2005/09/22 v4.2 Nomenclature package (LN)
\nomlabelwidth=\dimen123
\nom@tempdim=\dimen124
\nomitemsep=\skip69
)
\@nomenclaturefile=\write4
\openout4 = `thesis3.nlo'.


Writing nomenclature file thesis3.nlo
(/usr/share/texlive/texmf-dist/tex/latex/hyperref/hyperref.sty
Package: hyperref 2012/11/06 v6.83m Hypertext links for LaTeX

(/usr/share/texlive/texmf-dist/tex/generic/oberdiek/hobsub-hyperref.sty
Package: hobsub-hyperref 2012/05/28 v1.13 Bundle oberdiek, subset hyperref (HO)


(/usr/share/texlive/texmf-dist/tex/generic/oberdiek/hobsub-generic.sty
Package: hobsub-generic 2012/05/28 v1.13 Bundle oberdiek, subset generic (HO)
Package: hobsub 2012/05/28 v1.13 Construct package bundles (HO)
Package hobsub Info: Skipping package `infwarerr' (already loaded).
Package hobsub Info: Skipping package `ltxcmds' (already loaded).
Package: ifluatex 2010/03/01 v1.3 Provides the ifluatex switch (HO)
Package ifluatex Info: LuaTeX not detected.
Package: ifvtex 2010/03/01 v1.5 Detect VTeX and its facilities (HO)
Package ifvtex Info: VTeX not detected.
Package: intcalc 2007/09/27 v1.1 Expandable calculations with integers (HO)
Package hobsub Info: Skipping package `ifpdf' (already loaded).
Package: etexcmds 2011/02/16 v1.5 Avoid name clashes with e-TeX commands (HO)
Package etexcmds Info: Could not find \expanded.
(etexcmds)             That can mean that you are not using pdfTeX 1.50 or
(etexcmds)             that some package has redefined \expanded.
(etexcmds)             In the latter case, load this package earlier.
Package: kvsetkeys 2012/04/25 v1.16 Key value parser (HO)
Package: kvdefinekeys 2011/04/07 v1.3 Define keys (HO)
Package: pdftexcmds 2011/11/29 v0.20 Utility functions of pdfTeX for LuaTeX (HO
)
Package pdftexcmds Info: LuaTeX not detected.
Package pdftexcmds Info: \pdf@primitive is available.
Package pdftexcmds Info: \pdf@ifprimitive is available.
Package pdftexcmds Info: \pdfdraftmode found.
Package: pdfescape 2011/11/25 v1.13 Implements pdfTeX's escape features (HO)
Package: bigintcalc 2012/04/08 v1.3 Expandable calculations on big integers (HO
)
Package: bitset 2011/01/30 v1.1 Handle bit-vector datatype (HO)
Package: uniquecounter 2011/01/30 v1.2 Provide unlimited unique counter (HO)
)
Package hobsub Info: Skipping package `hobsub' (already loaded).
Package: letltxmacro 2010/09/02 v1.4 Let assignment for LaTeX macros (HO)
Package: hopatch 2012/05/28 v1.2 Wrapper for package hooks (HO)
Package: xcolor-patch 2011/01/30 xcolor patch
Package: atveryend 2011/06/30 v1.8 Hooks at the very end of document (HO)
Package atveryend Info: \enddocument detected (standard20110627).
Package hobsub Info: Skipping package `atbegshi' (already loaded).
Package: refcount 2011/10/16 v3.4 Data extraction from label references (HO)
Package: hycolor 2011/01/30 v1.7 Color options for hyperref/bookmark (HO)
)
(/usr/share/texlive/texmf-dist/tex/generic/ifxetex/ifxetex.sty
Package: ifxetex 2010/09/12 v0.6 Provides ifxetex conditional
)
(/usr/share/texlive/texmf-dist/tex/latex/oberdiek/auxhook.sty
Package: auxhook 2011/03/04 v1.3 Hooks for auxiliary files (HO)
)
(/usr/share/texlive/texmf-dist/tex/latex/oberdiek/kvoptions.sty
Package: kvoptions 2011/06/30 v3.11 Key value format for package options (HO)
)
\@linkdim=\dimen125
\Hy@linkcounter=\count97
\Hy@pagecounter=\count98

(/usr/share/texlive/texmf-dist/tex/latex/hyperref/pd1enc.def
File: pd1enc.def 2012/11/06 v6.83m Hyperref: PDFDocEncoding definition (HO)
)
\Hy@SavedSpaceFactor=\count99

(/usr/share/texlive/texmf-dist/tex/latex/latexconfig/hyperref.cfg
File: hyperref.cfg 2002/06/06 v1.2 hyperref configuration of TeXLive
)
Package hyperref Info: Option `final' set `true' on input line 4319.
Package hyperref Info: Option `colorlinks' set `true' on input line 4319.
Package hyperref Info: Option `bookmarks' set `true' on input line 4319.
Package hyperref Info: Option `bookmarksopen' set `false' on input line 4319.
Package hyperref Info: Option `bookmarksnumbered' set `true' on input line 4319
.
Package hyperref Info: Option `linktocpage' set `true' on input line 4319.
Package hyperref Info: Hyper figures OFF on input line 4443.
Package hyperref Info: Link nesting OFF on input line 4448.
Package hyperref Info: Hyper index ON on input line 4451.
Package hyperref Info: Plain pages OFF on input line 4458.
Package hyperref Info: Backreferencing OFF on input line 4463.
Package hyperref Info: Implicit mode ON; LaTeX internals redefined.
Package hyperref Info: Bookmarks ON on input line 4688.
\c@Hy@tempcnt=\count100

(/usr/share/texlive/texmf-dist/tex/latex/url/url.sty
\Urlmuskip=\muskip10
Package: url 2013/09/16  ver 3.4  Verb mode for urls, etc.
)
LaTeX Info: Redefining \url on input line 5041.
\XeTeXLinkMargin=\dimen126
\Fld@menulength=\count101
\Field@Width=\dimen127
\Fld@charsize=\dimen128
Package hyperref Info: Hyper figures OFF on input line 6295.
Package hyperref Info: Link nesting OFF on input line 6300.
Package hyperref Info: Hyper index ON on input line 6303.
Package hyperref Info: backreferencing OFF on input line 6310.
Package hyperref Info: Link coloring ON on input line 6313.
Package hyperref Info: Link coloring with OCG OFF on input line 6320.
Package hyperref Info: PDF/A mode OFF on input line 6325.
LaTeX Info: Redefining \ref on input line 6365.
LaTeX Info: Redefining \pageref on input line 6369.
\Hy@abspage=\count102
\c@Item=\count103
\c@Hfootnote=\count104
)

Package hyperref Message: Driver: hpdftex.

(/usr/share/texlive/texmf-dist/tex/latex/hyperref/hpdftex.def
File: hpdftex.def 2012/11/06 v6.83m Hyperref driver for pdfTeX
\Fld@listcount=\count105
\c@bookmark@seq@number=\count106

(/usr/share/texlive/texmf-dist/tex/latex/oberdiek/rerunfilecheck.sty
Package: rerunfilecheck 2011/04/15 v1.7 Rerun checks for auxiliary files (HO)
Package uniquecounter Info: New unique counter `rerunfilecheck' on input line 2
82.
)
\Hy@SectionHShift=\skip70
)
(./einstellungen/neuebefehle.sty) (./einstellungen/trennungen.sty))
No file thesis3.aux.
\openout1 = `thesis3.aux'.

LaTeX Font Info:    Checking defaults for OML/cmm/m/it on input line 12.
LaTeX Font Info:    ... okay on input line 12.
LaTeX Font Info:    Checking defaults for T1/cmr/m/n on input line 12.
LaTeX Font Info:    ... okay on input line 12.
LaTeX Font Info:    Checking defaults for OT1/cmr/m/n on input line 12.
LaTeX Font Info:    ... okay on input line 12.
LaTeX Font Info:    Checking defaults for OMS/cmsy/m/n on input line 12.
LaTeX Font Info:    ... okay on input line 12.
LaTeX Font Info:    Checking defaults for OMX/cmex/m/n on input line 12.
LaTeX Font Info:    ... okay on input line 12.
LaTeX Font Info:    Checking defaults for U/cmr/m/n on input line 12.
LaTeX Font Info:    ... okay on input line 12.
LaTeX Font Info:    Checking defaults for PD1/pdf/m/n on input line 12.
LaTeX Font Info:    ... okay on input line 12.
LaTeX Font Info:    Try loading font information for T1+phv on input line 12.
(/usr/share/texlive/texmf-dist/tex/latex/psnfss/t1phv.fd
File: t1phv.fd 2001/06/04 scalable font definitions for T1/phv.
)
LaTeX Font Info:    Font shape `T1/phv/m/n' will be
(Font)              scaled to size 10.79993pt on input line 12.

ABD: EverySelectfont initializing macros
LaTeX Info: Redefining \selectfont on input line 12.

(/usr/share/texlive/texmf-dist/tex/context/base/supp-pdf.mkii
[Loading MPS to PDF converter (version 2006.09.02).]
\scratchcounter=\count107
\scratchdimen=\dimen129
\scratchbox=\box31
\nofMPsegments=\count108
\nofMParguments=\count109
\everyMPshowfont=\toks21
\MPscratchCnt=\count110
\MPscratchDim=\dimen130
\MPnumerator=\count111
\makeMPintoPDFobject=\count112
\everyMPtoPDFconversion=\toks22
) (/usr/share/texlive/texmf-dist/tex/latex/oberdiek/epstopdf-base.sty
Package: epstopdf-base 2010/02/09 v2.5 Base part for package epstopdf

(/usr/share/texlive/texmf-dist/tex/latex/oberdiek/grfext.sty
Package: grfext 2010/08/19 v1.1 Manage graphics extensions (HO)
)
Package grfext Info: Graphics extension search list:
(grfext)             [.png,.pdf,.jpg,.mps,.jpeg,.jbig2,.jb2,.PNG,.PDF,.JPG,.JPE
G,.JBIG2,.JB2,.eps]
(grfext)             \AppendGraphicsExtensions on input line 452.

(/usr/share/texlive/texmf-dist/tex/latex/latexconfig/epstopdf-sys.cfg
File: epstopdf-sys.cfg 2010/07/13 v1.3 Configuration of (r)epstopdf for TeX Liv
e
))
ABD: EveryShipout initializing macros
\AtBeginShipoutBox=\box32


bibgerm.sty: babel.sty detected

Package hyperref Info: Link coloring ON on input line 12.
(/usr/share/texlive/texmf-dist/tex/latex/hyperref/nameref.sty
Package: nameref 2012/10/27 v2.43 Cross-referencing by name of section

(/usr/share/texlive/texmf-dist/tex/generic/oberdiek/gettitlestring.sty
Package: gettitlestring 2010/12/03 v1.4 Cleanup title references (HO)
)
\c@section@level=\count113
)
LaTeX Info: Redefining \ref on input line 12.
LaTeX Info: Redefining \pageref on input line 12.
LaTeX Info: Redefining \nameref on input line 12.
\@outlinefile=\write5
\openout5 = `thesis3.out'.


TextBlockOrigin set to 0mm x 0mm
LaTeX Font Info:    Font shape `T1/phv/m/n' will be
(Font)              scaled to size 19.79987pt on input line 25.
LaTeX Font Info:    Try loading font information for OT1+cmbr on input line 25.

(/usr/share/texlive/texmf-dist/tex/latex/cmbright/ot1cmbr.fd
File: ot1cmbr.fd 2005/04/13 v8.1 (WaS)
)
LaTeX Font Info:    Try loading font information for OML+cmbrm on input line 25
.

(/usr/share/texlive/texmf-dist/tex/latex/cmbright/omlcmbrm.fd
File: omlcmbrm.fd 2005/04/13 v8.1 (WaS)
)
LaTeX Font Info:    Try loading font information for OMS+cmbrs on input line 25
.

(/usr/share/texlive/texmf-dist/tex/latex/cmbright/omscmbrs.fd
File: omscmbrs.fd 2005/04/13 v8.1 (WaS)
)
LaTeX Font Info:    External font `cmex10' loaded for size
(Font)              <12> on input line 25.
LaTeX Font Info:    External font `cmex10' loaded for size
(Font)              <8> on input line 25.
LaTeX Font Info:    External font `cmex10' loaded for size
(Font)              <6> on input line 25.

Overfull \hbox (11.46416pt too wide) in paragraph at lines 25--25
[]$[]$ 
 []

LaTeX Font Info:    Font shape `T1/phv/m/n' will be
(Font)              scaled to size 14.3999pt on input line 25.

Overfull \hbox (11.46416pt too wide) in paragraph at lines 25--25
[]$[]$ 
 []

LaTeX Font Info:    Font shape `T1/phv/m/n' will be
(Font)              scaled to size 8.99994pt on input line 25.
LaTeX Font Info:    Font shape `T1/phv/m/it' in size <10> not available
(Font)              Font shape `T1/phv/m/sl' tried instead on input line 25.
LaTeX Font Info:    Font shape `T1/phv/m/sl' will be
(Font)              scaled to size 8.99994pt on input line 25.
<pdf/DeckblattFarbe.pdf, id=4, 597.55246pt x 845.19763pt>
File: pdf/DeckblattFarbe.pdf Graphic file (type pdf)

<use pdf/DeckblattFarbe.pdf>
Package pdftex.def Info: pdf/DeckblattFarbe.pdf used on input line 25.
(pdftex.def)             Requested size: 597.551pt x 845.19557pt.
File: pdf/DeckblattFarbe.pdf Graphic file (type pdf)
 <use pdf/DeckblattFarbe.pdf>
Package pdftex.def Info: pdf/DeckblattFarbe.pdf used on input line 25.
(pdftex.def)             Requested size: 597.551pt x 845.19557pt.

<pdf/DeckblattFarbe.pdf, id=7, page=1, 597.55246pt x 845.19763pt>
File: pdf/DeckblattFarbe.pdf Graphic file (type pdf)

<use pdf/DeckblattFarbe.pdf, page 1>
Package pdftex.def Info: pdf/DeckblattFarbe.pdf, page1 used on input line 25.
(pdftex.def)             Requested size: 597.551pt x 845.19557pt.
File: pdf/DeckblattFarbe.pdf Graphic file (type pdf)
 <use pdf/DeckblattFarbe.pdf, page 1>
Package pdftex.def Info: pdf/DeckblattFarbe.pdf, page1 used on input line 25.
(pdftex.def)             Requested size: 597.57834pt x 845.23425pt.
File: pdf/DeckblattFarbe.pdf Graphic file (type pdf)

<use pdf/DeckblattFarbe.pdf, page 1>
Package pdftex.def Info: pdf/DeckblattFarbe.pdf, page1 used on input line 25.
(pdftex.def)             Requested size: 597.57834pt x 845.23425pt.
File: pdf/DeckblattFarbe.pdf Graphic file (type pdf)
 <use pdf/DeckblattFarbe.pdf, page 1>
Package pdftex.def Info: pdf/DeckblattFarbe.pdf, page1 used on input line 25.
(pdftex.def)             Requested size: 597.57834pt x 845.23425pt.
File: pdf/DeckblattFarbe.pdf Graphic file (type pdf)

<use pdf/DeckblattFarbe.pdf, page 1>
Package pdftex.def Info: pdf/DeckblattFarbe.pdf, page1 used on input line 25.
(pdftex.def)             Requested size: 597.57834pt x 845.23425pt.
Package babel Info: Redefining ngerman shorthand "|
(babel)             in language  on input line 25.
Package babel Info: Redefining ngerman shorthand "~
(babel)             in language  on input line 25.
Package babel Info: Redefining ngerman shorthand "|
(babel)             in language  on input line 25.
Package babel Info: Redefining ngerman shorthand "~
(babel)             in language  on input line 25.
 [1


{/var/lib/texmf/fonts/map/pdftex/updmap/pdftex.map} <./pdf/DeckblattFarbe.pdf>]

TextBlockOrigin set to 0mm x 0mm
LaTeX Font Info:    Font shape `T1/phv/m/n' will be
(Font)              scaled to size 16.19989pt on input line 26.

Overfull \hbox (11.74907pt too wide) in paragraph at lines 26--26
[]$[]$ 
 []


Underfull \hbox (badness 10000) in paragraph at lines 26--26

 []


Underfull \hbox (badness 10000) in paragraph at lines 26--26

 []


Overfull \hbox (10.89563pt too wide) in paragraph at lines 26--26
[][] 
 []

Package babel Info: Redefining ngerman shorthand "|
(babel)             in language  on input line 47.
Package babel Info: Redefining ngerman shorthand "~
(babel)             in language  on input line 47.
Package babel Info: Redefining ngerman shorthand "|
(babel)             in language  on input line 47.
Package babel Info: Redefining ngerman shorthand "~
(babel)             in language  on input line 47.
[2]
LaTeX Font Info:    Font shape `T1/phv/bx/n' in size <12> not available
(Font)              Font shape `T1/phv/b/n' tried instead on input line 47.
LaTeX Font Info:    Font shape `T1/phv/b/n' will be
(Font)              scaled to size 10.79993pt on input line 47.
LaTeX Font Info:    Font shape `T1/phv/bx/n' in size <14.4> not available
(Font)              Font shape `T1/phv/b/n' tried instead on input line 47.
LaTeX Font Info:    Font shape `T1/phv/b/n' will be
(Font)              scaled to size 12.9599pt on input line 47.

Overfull \hbox (22.23201pt too wide) in paragraph at lines 47--47
[] 
 []


Overfull \hbox (22.23201pt too wide) in paragraph at lines 47--47
[] 
 []


Overfull \hbox (22.23201pt too wide) in paragraph at lines 47--47
[] 
 []


Overfull \hbox (22.23201pt too wide) in paragraph at lines 47--47
[] 
 []


Overfull \hbox (22.23201pt too wide) in paragraph at lines 47--47
[] 
 []


Overfull \hbox (22.23201pt too wide) in paragraph at lines 47--47
[] 
 []

(./standard/danke.tex
Package babel Info: Redefining ngerman shorthand "|
(babel)             in language  on input line 4.
Package babel Info: Redefining ngerman shorthand "~
(babel)             in language  on input line 4.
Package babel Info: Redefining ngerman shorthand "|
(babel)             in language  on input line 4.
Package babel Info: Redefining ngerman shorthand "~
(babel)             in language  on input line 4.
 [3]
LaTeX Font Info:    Font shape `T1/phv/bx/n' in size <17.28> not available
(Font)              Font shape `T1/phv/b/n' tried instead on input line 6.
LaTeX Font Info:    Font shape `T1/phv/b/n' will be
(Font)              scaled to size 15.55188pt on input line 6.
)
Package babel Info: Redefining ngerman shorthand "|
(babel)             in language  on input line 64.
Package babel Info: Redefining ngerman shorthand "~
(babel)             in language  on input line 64.
Package babel Info: Redefining ngerman shorthand "|
(babel)             in language  on input line 64.
Package babel Info: Redefining ngerman shorthand "~
(babel)             in language  on input line 64.
 [4]
LaTeX Font Info:    Font shape `T1/phv/bx/n' in size <24.88> not available
(Font)              Font shape `T1/phv/b/n' tried instead on input line 64.
LaTeX Font Info:    Font shape `T1/phv/b/n' will be
(Font)              scaled to size 22.39185pt on input line 64.
\tf@toc=\write6
\openout6 = `thesis3.toc'.

LaTeX Font Info:    Font shape `T1/phv/m/sl' will be
(Font)              scaled to size 10.79993pt on input line 65.
Package babel Info: Redefining ngerman shorthand "|
(babel)             in language  on input line 65.
Package babel Info: Redefining ngerman shorthand "~
(babel)             in language  on input line 65.
Package babel Info: Redefining ngerman shorthand "|
(babel)             in language  on input line 65.
Package babel Info: Redefining ngerman shorthand "~
(babel)             in language  on input line 65.
 [5

]
Package babel Info: Redefining ngerman shorthand "|
(babel)             in language  on input line 65.
Package babel Info: Redefining ngerman shorthand "~
(babel)             in language  on input line 65.
\tf@lot=\write7
\openout7 = `thesis3.lot'.

Package babel Info: Redefining ngerman shorthand "|
(babel)             in language  on input line 66.
Package babel Info: Redefining ngerman shorthand "~
(babel)             in language  on input line 66.
Package babel Info: Redefining ngerman shorthand "|
(babel)             in language  on input line 66.
Package babel Info: Redefining ngerman shorthand "~
(babel)             in language  on input line 66.
 [6

]
Package babel Info: Redefining ngerman shorthand "|
(babel)             in language  on input line 66.
Package babel Info: Redefining ngerman shorthand "~
(babel)             in language  on input line 66.
\tf@lof=\write8
\openout8 = `thesis3.lof'.

 (./kapitel/einfuehrung/einfuehrung.tex
Package babel Info: Redefining ngerman shorthand "|
(babel)             in language  on input line 4.
Package babel Info: Redefining ngerman shorthand "~
(babel)             in language  on input line 4.
Package babel Info: Redefining ngerman shorthand "|
(babel)             in language  on input line 4.
Package babel Info: Redefining ngerman shorthand "~
(babel)             in language  on input line 4.

[7

]
Kapitel 1.
Package babel Info: Redefining ngerman shorthand "|
(babel)             in language  on input line 6.
Package babel Info: Redefining ngerman shorthand "~
(babel)             in language  on input line 6.
) (./kapitel/hauptteil/hauptteil.tex
Package babel Info: Redefining ngerman shorthand "|
(babel)             in language  on input line 4.
Package babel Info: Redefining ngerman shorthand "~
(babel)             in language  on input line 4.
Package babel Info: Redefining ngerman shorthand "|
(babel)             in language  on input line 4.
Package babel Info: Redefining ngerman shorthand "~
(babel)             in language  on input line 4.
 [8

]
(./kapitel/hauptteil/analyse/analyse.tex
Kapitel 2.
Package babel Info: Redefining ngerman shorthand "|
(babel)             in language  on input line 5.
Package babel Info: Redefining ngerman shorthand "~
(babel)             in language  on input line 5.
) (./kapitel/hauptteil/design/design.tex
Package babel Info: Redefining ngerman shorthand "|
(babel)             in language  on input line 4.
Package babel Info: Redefining ngerman shorthand "~
(babel)             in language  on input line 4.
Package babel Info: Redefining ngerman shorthand "|
(babel)             in language  on input line 4.
Package babel Info: Redefining ngerman shorthand "~
(babel)             in language  on input line 4.
 [9

]
Kapitel 3.
Package babel Info: Redefining ngerman shorthand "|
(babel)             in language  on input line 5.
Package babel Info: Redefining ngerman shorthand "~
(babel)             in language  on input line 5.
<grafiken/listen-tiny.jpg, id=72, 213.79875pt x 130.4875pt>
File: grafiken/listen-tiny.jpg Graphic file (type jpg)

<use grafiken/listen-tiny.jpg>
Package pdftex.def Info: grafiken/listen-tiny.jpg used on input line 9.
(pdftex.def)             Requested size: 213.79822pt x 130.48717pt.
)
(./kapitel/hauptteil/realisierung/realisierung.tex
Package babel Info: Redefining ngerman shorthand "|
(babel)             in language  on input line 4.
Package babel Info: Redefining ngerman shorthand "~
(babel)             in language  on input line 4.
Package babel Info: Redefining ngerman shorthand "|
(babel)             in language  on input line 4.
Package babel Info: Redefining ngerman shorthand "~
(babel)             in language  on input line 4.
 [10

 <./grafiken/listen-tiny.jpg>]
Kapitel 4.
Package babel Info: Redefining ngerman shorthand "|
(babel)             in language  on input line 5.
Package babel Info: Redefining ngerman shorthand "~
(babel)             in language  on input line 5.
))
No file thesis3.bbl.
(./literatur/literatur.tex

Package natbib Warning: Citation `Guenther:2002' undefined on input line 3.


Package natbib Warning: Citation `Lamport:1995' undefined on input line 4.


Package natbib Warning: Citation `Goossens:2000' undefined on input line 5.


Package natbib Warning: Citation `Kohm:2003' undefined on input line 6.


Package natbib Warning: Citation `Hunt:2003' undefined on input line 7.


Package natbib Warning: Citation `Boehm:2002' undefined on input line 8.


Package natbib Warning: Citation `Schmatz:2004' undefined on input line 9.


Package natbib Warning: Citation `Streitz:2005' undefined on input line 10.


Package natbib Warning: Citation `HP:2004' undefined on input line 11.


Package natbib Warning: Citation `Luede:2004' undefined on input line 12.


Package natbib Warning: Citation `Demarco:1999' undefined on input line 13.


Package natbib Warning: Citation `Kollakowski:2004' undefined on input line 14.



Package natbib Warning: Citation `Dawson:2003' undefined on input line 15.


Package natbib Warning: Citation `Poenicke:1988' undefined on input line 16.


Package natbib Warning: Citation `Kruse:2000' undefined on input line 17.


Package natbib Warning: Citation `Nilsson:1998' undefined on input line 18.


Package natbib Warning: Citation `Heinsohn:1999' undefined on input line 19.


Package natbib Warning: Citation `Luger:2001' undefined on input line 20.


Package natbib Warning: Citation `Kuehnel:2001' undefined on input line 21.


Package natbib Warning: Citation `Bigus:2001' undefined on input line 22.


Package natbib Warning: Citation `Ferber:2001' undefined on input line 23.


Package natbib Warning: Citation `Wooldridge:2002' undefined on input line 24.


Package natbib Warning: Citation `KuroseRoss:2002' undefined on input line 25.


Package natbib Warning: Citation `Vogt:2001' undefined on input line 26.


Package natbib Warning: Citation `Roetzer:1999' undefined on input line 27.


Package natbib Warning: Citation `P3P:2004' undefined on input line 28.


Package natbib Warning: Citation `CPEX:2004' undefined on input line 29.


Package natbib Warning: Citation `Duden:1997' undefined on input line 30.


Package natbib Warning: Citation `Hoerauf:2001' undefined on input line 31.


Package natbib Warning: Citation `Schirru:2004' undefined on input line 32.


Package natbib Warning: Citation `Babic:2003' undefined on input line 33.


Package natbib Warning: Citation `Luepke:2004' undefined on input line 34.

)
No file thesis3.nls.
No file thesis3.ind.
Package babel Info: Redefining ngerman shorthand "|
(babel)             in language  on input line 112.
Package babel Info: Redefining ngerman shorthand "~
(babel)             in language  on input line 112.
Package babel Info: Redefining ngerman shorthand "|
(babel)             in language  on input line 112.
Package babel Info: Redefining ngerman shorthand "~
(babel)             in language  on input line 112.
[11

]
Overfull \hbox (11.74713pt too wide) in paragraph at lines 112--112
[][] 
 []


Package natbib Warning: There were undefined citations.

Package atveryend Info: Empty hook `BeforeClearDocument' on input line 117.
Package babel Info: Redefining ngerman shorthand "|
(babel)             in language  on input line 117.
Package babel Info: Redefining ngerman shorthand "~
(babel)             in language  on input line 117.
Package babel Info: Redefining ngerman shorthand "|
(babel)             in language  on input line 117.
Package babel Info: Redefining ngerman shorthand "~
(babel)             in language  on input line 117.
[12

]
Package atveryend Info: Empty hook `AfterLastShipout' on input line 117.
 (./thesis3.aux)
Package atveryend Info: Executing hook `AtVeryEndDocument' on input line 117.
Package atveryend Info: Executing hook `AtEndAfterFileList' on input line 117.


Package rerunfilecheck Warning: File `thesis3.out' has changed.
(rerunfilecheck)                Rerun to get outlines right
(rerunfilecheck)                or use package `bookmark'.

Package rerunfilecheck Info: Checksums for `thesis3.out':
(rerunfilecheck)             Before: <no file>
(rerunfilecheck)             After:  F42DF3C3126C36A3AB6E9A06BB43A6F2;298.

LaTeX Warning: Label(s) may have changed. Rerun to get cross-references right.

Package atveryend Info: Empty hook `AtVeryVeryEnd' on input line 117.
 ) 
Here is how much of TeX's memory you used:
 9837 strings out of 494976
 149215 string characters out of 6179137
 285050 words of memory out of 5000000
 12807 multiletter control sequences out of 15000+600000
 36145 words of font info for 45 fonts, out of 8000000 for 9000
 20 hyphenation exceptions out of 8191
 45i,18n,59p,378b,490s stack positions out of 5000i,500n,10000p,200000b,80000s
{/usr/share/texlive/texmf-dist/fonts/enc/dvips/base/8r.enc}</usr/share/texliv
e/texmf-dist/fonts/type1/urw/helvetic/uhvb8a.pfb></usr/share/texlive/texmf-dist
/fonts/type1/urw/helvetic/uhvr8a.pfb></usr/share/texlive/texmf-dist/fonts/type1
/urw/helvetic/uhvro8a.pfb>
Output written on thesis3.pdf (12 pages, 159972 bytes).
PDF statistics:
 109 PDF objects out of 1000 (max. 8388607)
 79 compressed objects within 1 object stream
 25 named destinations out of 1000 (max. 500000)
 26 words of extra memory for PDF output out of 10000 (max. 10000000)

