This is pdfTeX, Version 3.1415926-2.5-1.40.14 (TeX Live 2013/Debian) (format=pdflatex 2016.3.22)  1 AUG 2016 18:03
entering extended mode
 restricted \write18 enabled.
 %&-line parsing enabled.
**thesis_report.tex
(./thesis_report.tex
LaTeX2e <2011/06/27>
Babel <3.9h> and hyphenation patterns for 7 languages loaded.
\@input{header.aux}
\openout2 = `header.aux'.

(./header.tex (/usr/share/texlive/texmf-dist/tex/generic/oberdiek/ifpdf.sty
Package: ifpdf 2011/01/30 v2.3 Provides the ifpdf switch (HO)
Package ifpdf Info: pdfTeX in PDF mode is detected.
)
(/usr/share/texlive/texmf-dist/tex/latex/base/article.cls
Document Class: article 2007/10/19 v1.4h Standard LaTeX document class
(/usr/share/texlive/texmf-dist/tex/latex/base/size12.clo
File: size12.clo 2007/10/19 v1.4h Standard LaTeX file (size option)
)
\c@part=\count79
\c@section=\count80
\c@subsection=\count81
\c@subsubsection=\count82
\c@paragraph=\count83
\c@subparagraph=\count84
\c@figure=\count85
\c@table=\count86
\abovecaptionskip=\skip41
\belowcaptionskip=\skip42
\bibindent=\dimen102
)
(/usr/share/texlive/texmf-dist/tex/latex/graphics/graphicx.sty
Package: graphicx 1999/02/16 v1.0f Enhanced LaTeX Graphics (DPC,SPQR)

(/usr/share/texlive/texmf-dist/tex/latex/graphics/keyval.sty
Package: keyval 1999/03/16 v1.13 key=value parser (DPC)
\KV@toks@=\toks14
)
(/usr/share/texlive/texmf-dist/tex/latex/graphics/graphics.sty
Package: graphics 2009/02/05 v1.0o Standard LaTeX Graphics (DPC,SPQR)

(/usr/share/texlive/texmf-dist/tex/latex/graphics/trig.sty
Package: trig 1999/03/16 v1.09 sin cos tan (DPC)
)
(/usr/share/texlive/texmf-dist/tex/latex/latexconfig/graphics.cfg
File: graphics.cfg 2010/04/23 v1.9 graphics configuration of TeX Live
)
Package graphics Info: Driver file: pdftex.def on input line 91.

(/usr/share/texlive/texmf-dist/tex/latex/pdftex-def/pdftex.def
File: pdftex.def 2011/05/27 v0.06d Graphics/color for pdfTeX

(/usr/share/texlive/texmf-dist/tex/generic/oberdiek/infwarerr.sty
Package: infwarerr 2010/04/08 v1.3 Providing info/warning/error messages (HO)
)
(/usr/share/texlive/texmf-dist/tex/generic/oberdiek/ltxcmds.sty
Package: ltxcmds 2011/11/09 v1.22 LaTeX kernel commands for general use (HO)
)
\Gread@gobject=\count87
))
\Gin@req@height=\dimen103
\Gin@req@width=\dimen104
)
(/usr/share/texlive/texmf-dist/tex/latex/graphics/color.sty
Package: color 2005/11/14 v1.0j Standard LaTeX Color (DPC)

(/usr/share/texlive/texmf-dist/tex/latex/latexconfig/color.cfg
File: color.cfg 2007/01/18 v1.5 color configuration of teTeX/TeXLive
)
Package color Info: Driver file: pdftex.def on input line 130.
)
(/usr/share/texlive/texmf-dist/tex/latex/base/latexsym.sty
Package: latexsym 1998/08/17 v2.2e Standard LaTeX package (lasy symbols)
\symlasy=\mathgroup4
LaTeX Font Info:    Overwriting symbol font `lasy' in version `bold'
(Font)                  U/lasy/m/n --> U/lasy/b/n on input line 47.
)
(/usr/share/texlive/texmf-dist/tex/latex/amsmath/amsmath.sty
Package: amsmath 2013/01/14 v2.14 AMS math features
\@mathmargin=\skip43

For additional information on amsmath, use the `?' option.
(/usr/share/texlive/texmf-dist/tex/latex/amsmath/amstext.sty
Package: amstext 2000/06/29 v2.01

(/usr/share/texlive/texmf-dist/tex/latex/amsmath/amsgen.sty
File: amsgen.sty 1999/11/30 v2.0
\@emptytoks=\toks15
\ex@=\dimen105
))
(/usr/share/texlive/texmf-dist/tex/latex/amsmath/amsbsy.sty
Package: amsbsy 1999/11/29 v1.2d
\pmbraise@=\dimen106
)
(/usr/share/texlive/texmf-dist/tex/latex/amsmath/amsopn.sty
Package: amsopn 1999/12/14 v2.01 operator names
)
\inf@bad=\count88
LaTeX Info: Redefining \frac on input line 210.
\uproot@=\count89
\leftroot@=\count90
LaTeX Info: Redefining \overline on input line 306.
\classnum@=\count91
\DOTSCASE@=\count92
LaTeX Info: Redefining \ldots on input line 378.
LaTeX Info: Redefining \dots on input line 381.
LaTeX Info: Redefining \cdots on input line 466.
\Mathstrutbox@=\box26
\strutbox@=\box27
\big@size=\dimen107
LaTeX Font Info:    Redeclaring font encoding OML on input line 566.
LaTeX Font Info:    Redeclaring font encoding OMS on input line 567.
\macc@depth=\count93
\c@MaxMatrixCols=\count94
\dotsspace@=\muskip10
\c@parentequation=\count95
\dspbrk@lvl=\count96
\tag@help=\toks16
\row@=\count97
\column@=\count98
\maxfields@=\count99
\andhelp@=\toks17
\eqnshift@=\dimen108
\alignsep@=\dimen109
\tagshift@=\dimen110
\tagwidth@=\dimen111
\totwidth@=\dimen112
\lineht@=\dimen113
\@envbody=\toks18
\multlinegap=\skip44
\multlinetaggap=\skip45
\mathdisplay@stack=\toks19
LaTeX Info: Redefining \[ on input line 2665.
LaTeX Info: Redefining \] on input line 2666.
)
(/usr/share/texlive/texmf-dist/tex/latex/tools/theorem.sty
Package: theorem 1995/11/23 v2.2c Theorem extension package (FMi)
\theorem@style=\toks20
\theorem@bodyfont=\toks21
\theorempreskipamount=\skip46
\theorempostskipamount=\skip47

(/usr/share/texlive/texmf-dist/tex/latex/tools/thp.sty
File: thp.sty 1995/11/23 v2.2c Theorem extension package (FMi)
))
(/usr/share/texlive/texmf-dist/tex/latex/amsfonts/amsfonts.sty
Package: amsfonts 2013/01/14 v3.01 Basic AMSFonts support
\symAMSa=\mathgroup5
\symAMSb=\mathgroup6
LaTeX Font Info:    Overwriting math alphabet `\mathfrak' in version `bold'
(Font)                  U/euf/m/n --> U/euf/b/n on input line 106.
)
(/usr/share/texlive/texmf-dist/tex/generic/babel/babel.sty
Package: babel 2013/12/03 3.9h The Babel package

(/usr/share/texlive/texmf-dist/tex/generic/babel-english/english.ldf
Language: english 2012/08/20 v3.3p English support from the babel system

(/usr/share/texlive/texmf-dist/tex/generic/babel/babel.def
File: babel.def 2013/12/03 3.9h Babel common definitions
\babel@savecnt=\count100
\U@D=\dimen114
)
\l@british = a dialect from \language\l@english 
\l@UKenglish = a dialect from \language\l@english 
\l@canadian = a dialect from \language\l@american 
\l@australian = a dialect from \language\l@british 
\l@newzealand = a dialect from \language\l@british 
)
(/usr/share/texlive/texmf-dist/tex/generic/babel-german/germanb.ldf
Language: germanb 2013/12/13 v2.7 German support for babel (traditional orthogr
aphy)
\l@austrian = a dialect from \language\l@german 
Package babel Info: Making " an active character on input line 107.
))
(/usr/share/texlive/texmf-dist/tex/latex/base/inputenc.sty
Package: inputenc 2008/03/30 v1.1d Input encoding file
\inpenc@prehook=\toks22
\inpenc@posthook=\toks23

(/usr/share/texlive/texmf-dist/tex/latex/base/latin1.def
File: latin1.def 2008/03/30 v1.1d Input encoding file
))
\c@definition=\count101
\c@theorem=\count102

(/usr/share/texlive/texmf-dist/tex/latex/hyperref/hyperref.sty
Package: hyperref 2012/11/06 v6.83m Hypertext links for LaTeX

(/usr/share/texlive/texmf-dist/tex/generic/oberdiek/hobsub-hyperref.sty
Package: hobsub-hyperref 2012/05/28 v1.13 Bundle oberdiek, subset hyperref (HO)


(/usr/share/texlive/texmf-dist/tex/generic/oberdiek/hobsub-generic.sty
Package: hobsub-generic 2012/05/28 v1.13 Bundle oberdiek, subset generic (HO)
Package: hobsub 2012/05/28 v1.13 Construct package bundles (HO)
Package hobsub Info: Skipping package `infwarerr' (already loaded).
Package hobsub Info: Skipping package `ltxcmds' (already loaded).
Package: ifluatex 2010/03/01 v1.3 Provides the ifluatex switch (HO)
Package ifluatex Info: LuaTeX not detected.
Package: ifvtex 2010/03/01 v1.5 Detect VTeX and its facilities (HO)
Package ifvtex Info: VTeX not detected.
Package: intcalc 2007/09/27 v1.1 Expandable calculations with integers (HO)
Package hobsub Info: Skipping package `ifpdf' (already loaded).
Package: etexcmds 2011/02/16 v1.5 Avoid name clashes with e-TeX commands (HO)
Package etexcmds Info: Could not find \expanded.
(etexcmds)             That can mean that you are not using pdfTeX 1.50 or
(etexcmds)             that some package has redefined \expanded.
(etexcmds)             In the latter case, load this package earlier.
Package: kvsetkeys 2012/04/25 v1.16 Key value parser (HO)
Package: kvdefinekeys 2011/04/07 v1.3 Define keys (HO)
Package: pdftexcmds 2011/11/29 v0.20 Utility functions of pdfTeX for LuaTeX (HO
)
Package pdftexcmds Info: LuaTeX not detected.
Package pdftexcmds Info: \pdf@primitive is available.
Package pdftexcmds Info: \pdf@ifprimitive is available.
Package pdftexcmds Info: \pdfdraftmode found.
Package: pdfescape 2011/11/25 v1.13 Implements pdfTeX's escape features (HO)
Package: bigintcalc 2012/04/08 v1.3 Expandable calculations on big integers (HO
)
Package: bitset 2011/01/30 v1.1 Handle bit-vector datatype (HO)
Package: uniquecounter 2011/01/30 v1.2 Provide unlimited unique counter (HO)
)
Package hobsub Info: Skipping package `hobsub' (already loaded).
Package: letltxmacro 2010/09/02 v1.4 Let assignment for LaTeX macros (HO)
Package: hopatch 2012/05/28 v1.2 Wrapper for package hooks (HO)
Package: xcolor-patch 2011/01/30 xcolor patch
Package: atveryend 2011/06/30 v1.8 Hooks at the very end of document (HO)
Package atveryend Info: \enddocument detected (standard20110627).
Package: atbegshi 2011/10/05 v1.16 At begin shipout hook (HO)
Package: refcount 2011/10/16 v3.4 Data extraction from label references (HO)
Package: hycolor 2011/01/30 v1.7 Color options for hyperref/bookmark (HO)
)
(/usr/share/texlive/texmf-dist/tex/generic/ifxetex/ifxetex.sty
Package: ifxetex 2010/09/12 v0.6 Provides ifxetex conditional
)
(/usr/share/texlive/texmf-dist/tex/latex/oberdiek/auxhook.sty
Package: auxhook 2011/03/04 v1.3 Hooks for auxiliary files (HO)
)
(/usr/share/texlive/texmf-dist/tex/latex/oberdiek/kvoptions.sty
Package: kvoptions 2011/06/30 v3.11 Key value format for package options (HO)
)
\@linkdim=\dimen115
\Hy@linkcounter=\count103
\Hy@pagecounter=\count104

(/usr/share/texlive/texmf-dist/tex/latex/hyperref/pd1enc.def
File: pd1enc.def 2012/11/06 v6.83m Hyperref: PDFDocEncoding definition (HO)
)
\Hy@SavedSpaceFactor=\count105

(/usr/share/texlive/texmf-dist/tex/latex/latexconfig/hyperref.cfg
File: hyperref.cfg 2002/06/06 v1.2 hyperref configuration of TeXLive
)
Package hyperref Info: Option `hypertexnames' set `false' on input line 4319.
Package hyperref Info: Option `bookmarks' set `true' on input line 4319.
Package hyperref Info: Option `bookmarksnumbered' set `true' on input line 4319
.
Package hyperref Info: Option `plainpages' set `false' on input line 4319.
Package babel Info: Redefining german shorthand "f
(babel)             in language  on input line 4319.
Package babel Info: Redefining german shorthand "|
(babel)             in language  on input line 4319.
Package babel Info: Redefining german shorthand "~
(babel)             in language  on input line 4319.
Package hyperref Info: Hyper figures OFF on input line 4443.
Package hyperref Info: Link nesting OFF on input line 4448.
Package hyperref Info: Hyper index ON on input line 4451.
Package hyperref Info: Plain pages OFF on input line 4458.
Package hyperref Info: Backreferencing OFF on input line 4463.
Package hyperref Info: Implicit mode ON; LaTeX internals redefined.
Package hyperref Info: Bookmarks ON on input line 4688.
\c@Hy@tempcnt=\count106

(/usr/share/texlive/texmf-dist/tex/latex/url/url.sty
\Urlmuskip=\muskip11
Package: url 2013/09/16  ver 3.4  Verb mode for urls, etc.
)
LaTeX Info: Redefining \url on input line 5041.
\XeTeXLinkMargin=\dimen116
\Fld@menulength=\count107
\Field@Width=\dimen117
\Fld@charsize=\dimen118
Package hyperref Info: Hyper figures OFF on input line 6295.
Package hyperref Info: Link nesting OFF on input line 6300.
Package hyperref Info: Hyper index ON on input line 6303.
Package hyperref Info: backreferencing OFF on input line 6310.
Package hyperref Info: Link coloring OFF on input line 6315.
Package hyperref Info: Link coloring with OCG OFF on input line 6320.
Package hyperref Info: PDF/A mode OFF on input line 6325.
LaTeX Info: Redefining \ref on input line 6365.
LaTeX Info: Redefining \pageref on input line 6369.
\Hy@abspage=\count108
\c@Item=\count109
\c@Hfootnote=\count110
)

Package hyperref Message: Driver (autodetected): hpdftex.

(/usr/share/texlive/texmf-dist/tex/latex/hyperref/hpdftex.def
File: hpdftex.def 2012/11/06 v6.83m Hyperref driver for pdfTeX
\Fld@listcount=\count111
\c@bookmark@seq@number=\count112

(/usr/share/texlive/texmf-dist/tex/latex/oberdiek/rerunfilecheck.sty
Package: rerunfilecheck 2011/04/15 v1.7 Rerun checks for auxiliary files (HO)
Package uniquecounter Info: New unique counter `rerunfilecheck' on input line 2
82.
)
\Hy@SectionHShift=\skip48
))
(./thesis_report.aux (./kapitel_0.aux) (./kapitel_1.aux) (./kapitel_2.aux)
(./schluss.aux))
\openout1 = `thesis_report.aux'.

LaTeX Font Info:    Checking defaults for OML/cmm/m/it on input line 58.
LaTeX Font Info:    ... okay on input line 58.
LaTeX Font Info:    Checking defaults for T1/cmr/m/n on input line 58.
LaTeX Font Info:    ... okay on input line 58.
LaTeX Font Info:    Checking defaults for OT1/cmr/m/n on input line 58.
LaTeX Font Info:    ... okay on input line 58.
LaTeX Font Info:    Checking defaults for OMS/cmsy/m/n on input line 58.
LaTeX Font Info:    ... okay on input line 58.
LaTeX Font Info:    Checking defaults for OMX/cmex/m/n on input line 58.
LaTeX Font Info:    ... okay on input line 58.
LaTeX Font Info:    Checking defaults for U/cmr/m/n on input line 58.
LaTeX Font Info:    ... okay on input line 58.
LaTeX Font Info:    Checking defaults for PD1/pdf/m/n on input line 58.
LaTeX Font Info:    ... okay on input line 58.
 (/usr/share/texlive/texmf-dist/tex/context/base/supp-pdf.mkii
[Loading MPS to PDF converter (version 2006.09.02).]
\scratchcounter=\count113
\scratchdimen=\dimen119
\scratchbox=\box28
\nofMPsegments=\count114
\nofMParguments=\count115
\everyMPshowfont=\toks24
\MPscratchCnt=\count116
\MPscratchDim=\dimen120
\MPnumerator=\count117
\makeMPintoPDFobject=\count118
\everyMPtoPDFconversion=\toks25
) (/usr/share/texlive/texmf-dist/tex/latex/oberdiek/epstopdf-base.sty
Package: epstopdf-base 2010/02/09 v2.5 Base part for package epstopdf

(/usr/share/texlive/texmf-dist/tex/latex/oberdiek/grfext.sty
Package: grfext 2010/08/19 v1.1 Manage graphics extensions (HO)
)
Package grfext Info: Graphics extension search list:
(grfext)             [.pdf,.png,.jpg,.gif,.pdftex,.eps]
(grfext)             \AppendGraphicsExtensions on input line 452.

(/usr/share/texlive/texmf-dist/tex/latex/latexconfig/epstopdf-sys.cfg
File: epstopdf-sys.cfg 2010/07/13 v1.3 Configuration of (r)epstopdf for TeX Liv
e
))
\AtBeginShipoutBox=\box29
Package hyperref Info: Link coloring OFF on input line 58.

(/usr/share/texlive/texmf-dist/tex/latex/hyperref/nameref.sty
Package: nameref 2012/10/27 v2.43 Cross-referencing by name of section

(/usr/share/texlive/texmf-dist/tex/generic/oberdiek/gettitlestring.sty
Package: gettitlestring 2010/12/03 v1.4 Cleanup title references (HO)
)
\c@section@level=\count119
)
LaTeX Info: Redefining \ref on input line 58.
LaTeX Info: Redefining \pageref on input line 58.
LaTeX Info: Redefining \nameref on input line 58.

(./thesis_report.out) (./thesis_report.out)
\@outlinefile=\write3
\openout3 = `thesis_report.out'.

LaTeX Font Info:    Try loading font information for U+lasy on input line 63.

(/usr/share/texlive/texmf-dist/tex/latex/base/ulasy.fd
File: ulasy.fd 1998/08/17 v2.2e LaTeX symbol font definitions
)
LaTeX Font Info:    Try loading font information for U+msa on input line 63.

(/usr/share/texlive/texmf-dist/tex/latex/amsfonts/umsa.fd
File: umsa.fd 2013/01/14 v3.01 AMS symbols A
)
LaTeX Font Info:    Try loading font information for U+msb on input line 63.

(/usr/share/texlive/texmf-dist/tex/latex/amsfonts/umsb.fd
File: umsb.fd 2013/01/14 v3.01 AMS symbols B
)
Package babel Info: Redefining german shorthand "f
(babel)             in language  on input line 63.
Package babel Info: Redefining german shorthand "|
(babel)             in language  on input line 63.
Package babel Info: Redefining german shorthand "~
(babel)             in language  on input line 63.
 [1



\select@language{german}
\@writefile{toc}{\select@language{german}}
\@writefile{lof}{\select@language{german}}
\@writefile{lot}{\select@language{german}}

{/var/lib/texmf/fonts/map/pdftex/updmap/pdftex.map}]
Package babel Info: Redefining german shorthand "f
(babel)             in language  on input line 81.
Package babel Info: Redefining german shorthand "|
(babel)             in language  on input line 81.
Package babel Info: Redefining german shorthand "~
(babel)             in language  on input line 81.
 [2

] (./thesis_report.toc)
\tf@toc=\write4
\openout4 = `thesis_report.toc'.

Package babel Info: Redefining german shorthand "f
(babel)             in language  on input line 86.
Package babel Info: Redefining german shorthand "|
(babel)             in language  on input line 86.
Package babel Info: Redefining german shorthand "~
(babel)             in language  on input line 86.

[3

]
\openout2 = `kapitel_0.aux'.

 (./kapitel_0.tex

LaTeX Warning: Reference `a:ab_rts' on page 4 undefined on input line 28.

)
Package babel Info: Redefining german shorthand "f
(babel)             in language  on input line 90.
Package babel Info: Redefining german shorthand "|
(babel)             in language  on input line 90.
Package babel Info: Redefining german shorthand "~
(babel)             in language  on input line 90.
 [4


]
\openout2 = `kapitel_1.aux'.

 (./kapitel_1.tex
Package babel Info: Redefining german shorthand "f
(babel)             in language  on input line 1.
Package babel Info: Redefining german shorthand "|
(babel)             in language  on input line 1.
Package babel Info: Redefining german shorthand "~
(babel)             in language  on input line 1.
Package babel Info: Redefining german shorthand "f
(babel)             in language  on input line 3.
Package babel Info: Redefining german shorthand "|
(babel)             in language  on input line 3.
Package babel Info: Redefining german shorthand "~
(babel)             in language  on input line 3.
Package babel Info: Redefining german shorthand "f
(babel)             in language  on input line 47.
Package babel Info: Redefining german shorthand "|
(babel)             in language  on input line 47.
Package babel Info: Redefining german shorthand "~
(babel)             in language  on input line 47.
Package babel Info: Redefining german shorthand "f
(babel)             in language  on input line 62.
Package babel Info: Redefining german shorthand "|
(babel)             in language  on input line 62.
Package babel Info: Redefining german shorthand "~
(babel)             in language  on input line 62.
Package babel Info: Redefining german shorthand "f
(babel)             in language  on input line 68.
Package babel Info: Redefining german shorthand "|
(babel)             in language  on input line 68.
Package babel Info: Redefining german shorthand "~
(babel)             in language  on input line 68.
 [5


]
Package babel Info: Redefining german shorthand "f
(babel)             in language  on input line 72.
Package babel Info: Redefining german shorthand "|
(babel)             in language  on input line 72.
Package babel Info: Redefining german shorthand "~
(babel)             in language  on input line 72.
Package babel Info: Redefining german shorthand "f
(babel)             in language  on input line 75.
Package babel Info: Redefining german shorthand "|
(babel)             in language  on input line 75.
Package babel Info: Redefining german shorthand "~
(babel)             in language  on input line 75.

<figures/example.pdf, id=126, 279.0425pt x 219.82124pt>
File: figures/example.pdf Graphic file (type pdf)

<use figures/example.pdf>
Package pdftex.def Info: figures/example.pdf used on input line 81.
(pdftex.def)             Requested size: 279.04181pt x 219.8207pt.
 (./figures/carts.pdftex_t
<figures/carts.pdftex, id=129, 344.28625pt x 108.405pt>
File: figures/carts.pdftex Graphic file (type pdf)

<use figures/carts.pdftex>
Package pdftex.def Info: figures/carts.pdftex used on input line 2.
(pdftex.def)             Requested size: 344.2854pt x 108.40472pt.
)
Package babel Info: Redefining german shorthand "f
(babel)             in language  on input line 104.
Package babel Info: Redefining german shorthand "|
(babel)             in language  on input line 104.
Package babel Info: Redefining german shorthand "~
(babel)             in language  on input line 104.
Package babel Info: Redefining german shorthand "f
(babel)             in language  on input line 121.
Package babel Info: Redefining german shorthand "|
(babel)             in language  on input line 121.
Package babel Info: Redefining german shorthand "~
(babel)             in language  on input line 121.
 [6 <./figures/example.pdf>]
Package babel Info: Redefining german shorthand "f
(babel)             in language  on input line 127.
Package babel Info: Redefining german shorthand "|
(babel)             in language  on input line 127.
Package babel Info: Redefining german shorthand "~
(babel)             in language  on input line 127.
Package babel Info: Redefining german shorthand "f
(babel)             in language  on input line 133.
Package babel Info: Redefining german shorthand "|
(babel)             in language  on input line 133.
Package babel Info: Redefining german shorthand "~
(babel)             in language  on input line 133.
Package babel Info: Redefining german shorthand "f
(babel)             in language  on input line 141.
Package babel Info: Redefining german shorthand "|
(babel)             in language  on input line 141.
Package babel Info: Redefining german shorthand "~
(babel)             in language  on input line 141.
Package babel Info: Redefining german shorthand "f
(babel)             in language  on input line 150.
Package babel Info: Redefining german shorthand "|
(babel)             in language  on input line 150.
Package babel Info: Redefining german shorthand "~
(babel)             in language  on input line 150.
)
Package babel Info: Redefining german shorthand "f
(babel)             in language  on input line 92.
Package babel Info: Redefining german shorthand "|
(babel)             in language  on input line 92.
Package babel Info: Redefining german shorthand "~
(babel)             in language  on input line 92.
 [7 <./figures/carts.pdftex>]
\openout2 = `kapitel_2.aux'.

 (./kapitel_2.tex
Package babel Info: Redefining german shorthand "f
(babel)             in language  on input line 1.
Package babel Info: Redefining german shorthand "|
(babel)             in language  on input line 1.
Package babel Info: Redefining german shorthand "~
(babel)             in language  on input line 1.
Package babel Info: Redefining german shorthand "f
(babel)             in language  on input line 16.
Package babel Info: Redefining german shorthand "|
(babel)             in language  on input line 16.
Package babel Info: Redefining german shorthand "~
(babel)             in language  on input line 16.
Package babel Info: Redefining german shorthand "f
(babel)             in language  on input line 35.
Package babel Info: Redefining german shorthand "|
(babel)             in language  on input line 35.
Package babel Info: Redefining german shorthand "~
(babel)             in language  on input line 35.
LaTeX Font Info:    Try loading font information for OMS+cmr on input line 43.
 (/usr/share/texlive/texmf-dist/tex/latex/base/omscmr.fd
File: omscmr.fd 1999/05/25 v2.5h Standard LaTeX font definitions
)
LaTeX Font Info:    Font shape `OMS/cmr/m/n' in size <12> not available
(Font)              Font shape `OMS/cmsy/m/n' tried instead on input line 43.
Package babel Info: Redefining german shorthand "f
(babel)             in language  on input line 52.
Package babel Info: Redefining german shorthand "|
(babel)             in language  on input line 52.
Package babel Info: Redefining german shorthand "~
(babel)             in language  on input line 52.
Package babel Info: Redefining german shorthand "f
(babel)             in language  on input line 61.
Package babel Info: Redefining german shorthand "|
(babel)             in language  on input line 61.
Package babel Info: Redefining german shorthand "~
(babel)             in language  on input line 61.
 [8


]
Package babel Info: Redefining german shorthand "f
(babel)             in language  on input line 78.
Package babel Info: Redefining german shorthand "|
(babel)             in language  on input line 78.
Package babel Info: Redefining german shorthand "~
(babel)             in language  on input line 78.
Package babel Info: Redefining german shorthand "f
(babel)             in language  on input line 106.
Package babel Info: Redefining german shorthand "|
(babel)             in language  on input line 106.
Package babel Info: Redefining german shorthand "~
(babel)             in language  on input line 106.
Package babel Info: Redefining german shorthand "f
(babel)             in language  on input line 116.
Package babel Info: Redefining german shorthand "|
(babel)             in language  on input line 116.
Package babel Info: Redefining german shorthand "~
(babel)             in language  on input line 116.
 [9])
Package babel Info: Redefining german shorthand "f
(babel)             in language  on input line 94.
Package babel Info: Redefining german shorthand "|
(babel)             in language  on input line 94.
Package babel Info: Redefining german shorthand "~
(babel)             in language  on input line 94.
 [10]
\openout2 = `schluss.aux'.

 (./schluss.tex
Package babel Info: Redefining german shorthand "f
(babel)             in language  on input line 1.
Package babel Info: Redefining german shorthand "|
(babel)             in language  on input line 1.
Package babel Info: Redefining german shorthand "~
(babel)             in language  on input line 1.
)
Package babel Info: Redefining german shorthand "f
(babel)             in language  on input line 96.
Package babel Info: Redefining german shorthand "|
(babel)             in language  on input line 96.
Package babel Info: Redefining german shorthand "~
(babel)             in language  on input line 96.
 [11


] (./thesis_report.bbl)
Package atveryend Info: Empty hook `BeforeClearDocument' on input line 115.
Package babel Info: Redefining german shorthand "f
(babel)             in language  on input line 115.
Package babel Info: Redefining german shorthand "|
(babel)             in language  on input line 115.
Package babel Info: Redefining german shorthand "~
(babel)             in language  on input line 115.
 [12

]
Package atveryend Info: Empty hook `AfterLastShipout' on input line 115.

(./thesis_report.aux (./kapitel_0.aux) (./kapitel_1.aux) (./kapitel_2.aux)
(./schluss.aux))
Package atveryend Info: Executing hook `AtVeryEndDocument' on input line 115.
Package atveryend Info: Executing hook `AtEndAfterFileList' on input line 115.


Package rerunfilecheck Warning: File `thesis_report.out' has changed.
(rerunfilecheck)                Rerun to get outlines right
(rerunfilecheck)                or use package `bookmark'.

Package rerunfilecheck Info: Checksums for `thesis_report.out':
(rerunfilecheck)             Before: 6031EE14793D416C977B522118E33DB4;1253
(rerunfilecheck)             After:  7844C9D98758CD1E4150CD93059B9B19;1235.

LaTeX Warning: There were undefined references.

Package atveryend Info: Empty hook `AtVeryVeryEnd' on input line 115.
 ) 
Here is how much of TeX's memory you used:
 6489 strings out of 494976
 94031 string characters out of 6179137
 182991 words of memory out of 5000000
 9526 multiletter control sequences out of 15000+600000
 13555 words of font info for 56 fonts, out of 8000000 for 9000
 16 hyphenation exceptions out of 8191
 33i,11n,34p,396b,418s stack positions out of 5000i,500n,10000p,200000b,80000s
</usr/share/texlive/texmf-dist/fonts/type1/public/amsfonts/cm/cmbx12.pfb></us
r/share/texlive/texmf-dist/fonts/type1/public/amsfonts/cm/cmmi12.pfb></usr/shar
e/texlive/texmf-dist/fonts/type1/public/amsfonts/cm/cmmi8.pfb></usr/share/texli
ve/texmf-dist/fonts/type1/public/amsfonts/cm/cmr12.pfb></usr/share/texlive/texm
f-dist/fonts/type1/public/amsfonts/cm/cmr17.pfb></usr/share/texlive/texmf-dist/
fonts/type1/public/amsfonts/cm/cmr8.pfb></usr/share/texlive/texmf-dist/fonts/ty
pe1/public/amsfonts/cm/cmsy10.pfb></usr/share/texlive/texmf-dist/fonts/type1/pu
blic/amsfonts/cm/cmti12.pfb></usr/share/texlive/texmf-dist/fonts/type1/public/a
msfonts/cm/cmtt12.pfb>
Output written on thesis_report.pdf (12 pages, 200185 bytes).
PDF statistics:
 234 PDF objects out of 1000 (max. 8388607)
 205 compressed objects within 3 object streams
 46 named destinations out of 1000 (max. 500000)
 155 words of extra memory for PDF output out of 10000 (max. 10000000)

